\BOOKMARK [0][-]{chapter.1}{\376\377\000C\000e\000n\000t\000r\000a\000l\000S\000l\000i\000c\000e}{}
\BOOKMARK [0][-]{chapter.2}{\376\377\000F\000i\000l\000e\000\040\000I\000n\000d\000e\000x}{}
\BOOKMARK [1][-]{section.2.1}{\376\377\000F\000i\000l\000e\000\040\000L\000i\000s\000t}{chapter.2}
\BOOKMARK [0][-]{chapter.3}{\376\377\000F\000i\000l\000e\000\040\000D\000o\000c\000u\000m\000e\000n\000t\000a\000t\000i\000o\000n}{}
\BOOKMARK [1][-]{section.3.1}{\376\377\000a\000d\000d\000\137\000n\000o\000i\000s\000e\000.\000m\000\040\000F\000i\000l\000e\000\040\000R\000e\000f\000e\000r\000e\000n\000c\000e}{chapter.3}
\BOOKMARK [2][-]{subsection.3.1.1}{\376\377\000D\000e\000t\000a\000i\000l\000e\000d\000\040\000D\000e\000s\000c\000r\000i\000p\000t\000i\000o\000n}{section.3.1}
\BOOKMARK [2][-]{subsection.3.1.2}{\376\377\000F\000u\000n\000c\000t\000i\000o\000n\000\040\000D\000o\000c\000u\000m\000e\000n\000t\000a\000t\000i\000o\000n}{section.3.1}
\BOOKMARK [3][-]{subsubsection.3.1.2.1}{\376\377\000a\000d\000d\000\137\000n\000o\000i\000s\000e}{subsection.3.1.2}
\BOOKMARK [1][-]{section.3.2}{\376\377\000a\000d\000d\000\137\000n\000o\000i\000s\000e\000.\000m}{chapter.3}
\BOOKMARK [1][-]{section.3.3}{\376\377\000a\000p\000p\000l\000y\000\137\000f\000f\000t\0001\000.\000m\000\040\000F\000i\000l\000e\000\040\000R\000e\000f\000e\000r\000e\000n\000c\000e}{chapter.3}
\BOOKMARK [2][-]{subsection.3.3.1}{\376\377\000D\000e\000t\000a\000i\000l\000e\000d\000\040\000D\000e\000s\000c\000r\000i\000p\000t\000i\000o\000n}{section.3.3}
\BOOKMARK [2][-]{subsection.3.3.2}{\376\377\000F\000u\000n\000c\000t\000i\000o\000n\000\040\000D\000o\000c\000u\000m\000e\000n\000t\000a\000t\000i\000o\000n}{section.3.3}
\BOOKMARK [3][-]{subsubsection.3.3.2.1}{\376\377\000a\000p\000p\000l\000y\000\137\000f\000f\000t\0001}{subsection.3.3.2}
\BOOKMARK [1][-]{section.3.4}{\376\377\000a\000p\000p\000l\000y\000\137\000f\000f\000t\0001\000.\000m}{chapter.3}
\BOOKMARK [1][-]{section.3.5}{\376\377\000d\000a\000m\000a\000g\000e\000\137\000s\000e\000n\000s\000o\000r\000s\000.\000m\000\040\000F\000i\000l\000e\000\040\000R\000e\000f\000e\000r\000e\000n\000c\000e}{chapter.3}
\BOOKMARK [2][-]{subsection.3.5.1}{\376\377\000D\000e\000t\000a\000i\000l\000e\000d\000\040\000D\000e\000s\000c\000r\000i\000p\000t\000i\000o\000n}{section.3.5}
\BOOKMARK [2][-]{subsection.3.5.2}{\376\377\000F\000u\000n\000c\000t\000i\000o\000n\000\040\000D\000o\000c\000u\000m\000e\000n\000t\000a\000t\000i\000o\000n}{section.3.5}
\BOOKMARK [3][-]{subsubsection.3.5.2.1}{\376\377\000d\000a\000m\000a\000g\000e\000\137\000s\000e\000n\000s\000o\000r\000s}{subsection.3.5.2}
\BOOKMARK [1][-]{section.3.6}{\376\377\000d\000a\000m\000a\000g\000e\000\137\000s\000e\000n\000s\000o\000r\000s\000.\000m}{chapter.3}
\BOOKMARK [1][-]{section.3.7}{\376\377\000i\000m\000a\000g\000e\000\137\000c\000r\000o\000p\000.\000m\000\040\000F\000i\000l\000e\000\040\000R\000e\000f\000e\000r\000e\000n\000c\000e}{chapter.3}
\BOOKMARK [2][-]{subsection.3.7.1}{\376\377\000D\000e\000t\000a\000i\000l\000e\000d\000\040\000D\000e\000s\000c\000r\000i\000p\000t\000i\000o\000n}{section.3.7}
\BOOKMARK [2][-]{subsection.3.7.2}{\376\377\000F\000u\000n\000c\000t\000i\000o\000n\000\040\000D\000o\000c\000u\000m\000e\000n\000t\000a\000t\000i\000o\000n}{section.3.7}
\BOOKMARK [3][-]{subsubsection.3.7.2.1}{\376\377\000i\000m\000a\000g\000e\000\137\000c\000r\000o\000p}{subsection.3.7.2}
\BOOKMARK [1][-]{section.3.8}{\376\377\000i\000m\000a\000g\000e\000\137\000c\000r\000o\000p\000.\000m}{chapter.3}
\BOOKMARK [1][-]{section.3.9}{\376\377\000i\000n\000v\000e\000r\000s\000e\000\137\000F\000o\000u\000r\000i\000e\000r\000\137\0002\000D\000.\000m\000\040\000F\000i\000l\000e\000\040\000R\000e\000f\000e\000r\000e\000n\000c\000e}{chapter.3}
\BOOKMARK [2][-]{subsection.3.9.1}{\376\377\000D\000e\000t\000a\000i\000l\000e\000d\000\040\000D\000e\000s\000c\000r\000i\000p\000t\000i\000o\000n}{section.3.9}
\BOOKMARK [2][-]{subsection.3.9.2}{\376\377\000F\000u\000n\000c\000t\000i\000o\000n\000\040\000D\000o\000c\000u\000m\000e\000n\000t\000a\000t\000i\000o\000n}{section.3.9}
\BOOKMARK [3][-]{subsubsection.3.9.2.1}{\376\377\000i\000n\000v\000e\000r\000s\000e\000\137\000F\000o\000u\000r\000i\000e\000r\000\137\0002\000D}{subsection.3.9.2}
\BOOKMARK [1][-]{section.3.10}{\376\377\000i\000n\000v\000e\000r\000s\000e\000\137\000F\000o\000u\000r\000i\000e\000r\000\137\0002\000D\000.\000m}{chapter.3}
\BOOKMARK [1][-]{section.3.11}{\376\377\000m\000a\000i\000n\000.\000m\000\040\000F\000i\000l\000e\000\040\000R\000e\000f\000e\000r\000e\000n\000c\000e}{chapter.3}
\BOOKMARK [2][-]{subsection.3.11.1}{\376\377\000D\000e\000t\000a\000i\000l\000e\000d\000\040\000D\000e\000s\000c\000r\000i\000p\000t\000i\000o\000n}{section.3.11}
\BOOKMARK [2][-]{subsection.3.11.2}{\376\377\000F\000u\000n\000c\000t\000i\000o\000n\000\040\000D\000o\000c\000u\000m\000e\000n\000t\000a\000t\000i\000o\000n}{section.3.11}
\BOOKMARK [3][-]{subsubsection.3.11.2.1}{\376\377\000m\000a\000i\000n}{subsection.3.11.2}
\BOOKMARK [1][-]{section.3.12}{\376\377\000m\000a\000i\000n\000.\000m}{chapter.3}
\BOOKMARK [1][-]{section.3.13}{\376\377\000m\000a\000k\000e\000\137\000p\000h\000a\000n\000t\000o\000m\000.\000m\000\040\000F\000i\000l\000e\000\040\000R\000e\000f\000e\000r\000e\000n\000c\000e}{chapter.3}
\BOOKMARK [2][-]{subsection.3.13.1}{\376\377\000D\000e\000t\000a\000i\000l\000e\000d\000\040\000D\000e\000s\000c\000r\000i\000p\000t\000i\000o\000n}{section.3.13}
\BOOKMARK [2][-]{subsection.3.13.2}{\376\377\000F\000u\000n\000c\000t\000i\000o\000n\000\040\000D\000o\000c\000u\000m\000e\000n\000t\000a\000t\000i\000o\000n}{section.3.13}
\BOOKMARK [3][-]{subsubsection.3.13.2.1}{\376\377\000m\000a\000k\000e\000\137\000p\000h\000a\000n\000t\000o\000m}{subsection.3.13.2}
\BOOKMARK [1][-]{section.3.14}{\376\377\000m\000a\000k\000e\000\137\000p\000h\000a\000n\000t\000o\000m\000.\000m}{chapter.3}
\BOOKMARK [1][-]{section.3.15}{\376\377\000p\000o\000l\000a\000r\000\137\000t\000o\000\137\000r\000e\000c\000t\000.\000m\000\040\000F\000i\000l\000e\000\040\000R\000e\000f\000e\000r\000e\000n\000c\000e}{chapter.3}
\BOOKMARK [2][-]{subsection.3.15.1}{\376\377\000D\000e\000t\000a\000i\000l\000e\000d\000\040\000D\000e\000s\000c\000r\000i\000p\000t\000i\000o\000n}{section.3.15}
\BOOKMARK [2][-]{subsection.3.15.2}{\376\377\000F\000u\000n\000c\000t\000i\000o\000n\000\040\000D\000o\000c\000u\000m\000e\000n\000t\000a\000t\000i\000o\000n}{section.3.15}
\BOOKMARK [3][-]{subsubsection.3.15.2.1}{\376\377\000p\000o\000l\000a\000r\000\137\000t\000o\000\137\000r\000e\000c\000t}{subsection.3.15.2}
\BOOKMARK [1][-]{section.3.16}{\376\377\000p\000o\000l\000a\000r\000\137\000t\000o\000\137\000r\000e\000c\000t\000.\000m}{chapter.3}
\BOOKMARK [1][-]{section.3.17}{\376\377\000s\000a\000v\000e\000\137\000i\000m\000a\000g\000e\000.\000m\000\040\000F\000i\000l\000e\000\040\000R\000e\000f\000e\000r\000e\000n\000c\000e}{chapter.3}
\BOOKMARK [2][-]{subsection.3.17.1}{\376\377\000D\000e\000t\000a\000i\000l\000e\000d\000\040\000D\000e\000s\000c\000r\000i\000p\000t\000i\000o\000n}{section.3.17}
\BOOKMARK [2][-]{subsection.3.17.2}{\376\377\000F\000u\000n\000c\000t\000i\000o\000n\000\040\000D\000o\000c\000u\000m\000e\000n\000t\000a\000t\000i\000o\000n}{section.3.17}
\BOOKMARK [3][-]{subsubsection.3.17.2.1}{\376\377\000s\000a\000v\000e\000\137\000i\000m\000a\000g\000e}{subsection.3.17.2}
\BOOKMARK [1][-]{section.3.18}{\376\377\000s\000a\000v\000e\000\137\000i\000m\000a\000g\000e\000.\000m}{chapter.3}
\BOOKMARK [1][-]{section.3.19}{\376\377\000s\000t\000a\000r\000t\000\137\000s\000i\000m\000u\000l\000a\000t\000i\000o\000n\000.\000m\000\040\000F\000i\000l\000e\000\040\000R\000e\000f\000e\000r\000e\000n\000c\000e}{chapter.3}
\BOOKMARK [2][-]{subsection.3.19.1}{\376\377\000D\000e\000t\000a\000i\000l\000e\000d\000\040\000D\000e\000s\000c\000r\000i\000p\000t\000i\000o\000n}{section.3.19}
\BOOKMARK [2][-]{subsection.3.19.2}{\376\377\000V\000a\000r\000i\000a\000b\000l\000e\000\040\000D\000o\000c\000u\000m\000e\000n\000t\000a\000t\000i\000o\000n}{section.3.19}
\BOOKMARK [3][-]{subsubsection.3.19.2.1}{\376\377\000D\000E\000B\000U\000G}{subsection.3.19.2}
\BOOKMARK [3][-]{subsubsection.3.19.2.2}{\376\377\000s\000h\000a\000p\000e}{subsection.3.19.2}
\BOOKMARK [1][-]{section.3.20}{\376\377\000s\000t\000a\000r\000t\000\137\000s\000i\000m\000u\000l\000a\000t\000i\000o\000n\000.\000m}{chapter.3}
\BOOKMARK [1][-]{section.3.21}{\376\377\000z\000e\000r\000o\000p\000a\000d\000.\000m\000\040\000F\000i\000l\000e\000\040\000R\000e\000f\000e\000r\000e\000n\000c\000e}{chapter.3}
\BOOKMARK [2][-]{subsection.3.21.1}{\376\377\000D\000e\000t\000a\000i\000l\000e\000d\000\040\000D\000e\000s\000c\000r\000i\000p\000t\000i\000o\000n}{section.3.21}
\BOOKMARK [2][-]{subsection.3.21.2}{\376\377\000F\000u\000n\000c\000t\000i\000o\000n\000\040\000D\000o\000c\000u\000m\000e\000n\000t\000a\000t\000i\000o\000n}{section.3.21}
\BOOKMARK [3][-]{subsubsection.3.21.2.1}{\376\377\000z\000e\000r\000o\000p\000a\000d}{subsection.3.21.2}
\BOOKMARK [1][-]{section.3.22}{\376\377\000z\000e\000r\000o\000p\000a\000d\000.\000m}{chapter.3}
\BOOKMARK [0][-]{chapter.4}{\376\377\000E\000x\000a\000m\000p\000l\000e\000\040\000D\000o\000c\000u\000m\000e\000n\000t\000a\000t\000i\000o\000n}{}
\BOOKMARK [1][-]{section.4.1}{\376\377\000s\000t\000a\000r\000t\000\137\000s\000i\000m\000u\000l\000a\000t\000i\000o\000n\000.\000m}{chapter.4}
